This is pdfTeX, Version 3.1415926-2.4-1.40.13 (TeX Live 2012) (format=pdflatex 2012.6.30)  13 DEC 2013 09:03
entering extended mode
 \write18 enabled.
 %&-line parsing enabled.
**main.tex
(./main.tex
LaTeX2e <2011/06/27>
Babel <v3.8m> and hyphenation patterns for english, dumylang, nohyphenation, ge
rman-x-2012-05-30, ngerman-x-2012-05-30, afrikaans, ancientgreek, ibycus, arabi
c, armenian, basque, bulgarian, catalan, pinyin, coptic, croatian, czech, danis
h, dutch, ukenglish, usenglishmax, esperanto, estonian, ethiopic, farsi, finnis
h, french, friulan, galician, german, ngerman, swissgerman, monogreek, greek, h
ungarian, icelandic, assamese, bengali, gujarati, hindi, kannada, malayalam, ma
rathi, oriya, panjabi, tamil, telugu, indonesian, interlingua, irish, italian, 
kurmanji, latin, latvian, lithuanian, mongolian, mongolianlmc, bokmal, nynorsk,
 polish, portuguese, romanian, romansh, russian, sanskrit, serbian, serbianc, s
lovak, slovenian, spanish, swedish, turkish, turkmen, ukrainian, uppersorbian, 
welsh, loaded.
(/usr/local/texlive/2012/texmf-dist/tex/latex/base/article.cls
Document Class: article 2007/10/19 v1.4h Standard LaTeX document class
(/usr/local/texlive/2012/texmf-dist/tex/latex/base/size10.clo
File: size10.clo 2007/10/19 v1.4h Standard LaTeX file (size option)
)
\c@part=\count79
\c@section=\count80
\c@subsection=\count81
\c@subsubsection=\count82
\c@paragraph=\count83
\c@subparagraph=\count84
\c@figure=\count85
\c@table=\count86
\abovecaptionskip=\skip41
\belowcaptionskip=\skip42
\bibindent=\dimen102
)
(/usr/local/texlive/2012/texmf-dist/tex/latex/amsmath/amsmath.sty
Package: amsmath 2000/07/18 v2.13 AMS math features
\@mathmargin=\skip43

For additional information on amsmath, use the `?' option.
(/usr/local/texlive/2012/texmf-dist/tex/latex/amsmath/amstext.sty
Package: amstext 2000/06/29 v2.01

(/usr/local/texlive/2012/texmf-dist/tex/latex/amsmath/amsgen.sty
File: amsgen.sty 1999/11/30 v2.0
\@emptytoks=\toks14
\ex@=\dimen103
))
(/usr/local/texlive/2012/texmf-dist/tex/latex/amsmath/amsbsy.sty
Package: amsbsy 1999/11/29 v1.2d
\pmbraise@=\dimen104
)
(/usr/local/texlive/2012/texmf-dist/tex/latex/amsmath/amsopn.sty
Package: amsopn 1999/12/14 v2.01 operator names
)
\inf@bad=\count87
LaTeX Info: Redefining \frac on input line 211.
\uproot@=\count88
\leftroot@=\count89
LaTeX Info: Redefining \overline on input line 307.
\classnum@=\count90
\DOTSCASE@=\count91
LaTeX Info: Redefining \ldots on input line 379.
LaTeX Info: Redefining \dots on input line 382.
LaTeX Info: Redefining \cdots on input line 467.
\Mathstrutbox@=\box26
\strutbox@=\box27
\big@size=\dimen105
LaTeX Font Info:    Redeclaring font encoding OML on input line 567.
LaTeX Font Info:    Redeclaring font encoding OMS on input line 568.
\macc@depth=\count92
\c@MaxMatrixCols=\count93
\dotsspace@=\muskip10
\c@parentequation=\count94
\dspbrk@lvl=\count95
\tag@help=\toks15
\row@=\count96
\column@=\count97
\maxfields@=\count98
\andhelp@=\toks16
\eqnshift@=\dimen106
\alignsep@=\dimen107
\tagshift@=\dimen108
\tagwidth@=\dimen109
\totwidth@=\dimen110
\lineht@=\dimen111
\@envbody=\toks17
\multlinegap=\skip44
\multlinetaggap=\skip45
\mathdisplay@stack=\toks18
LaTeX Info: Redefining \[ on input line 2666.
LaTeX Info: Redefining \] on input line 2667.
)
(/usr/local/texlive/2012/texmf-dist/tex/latex/amsfonts/amssymb.sty
Package: amssymb 2009/06/22 v3.00

(/usr/local/texlive/2012/texmf-dist/tex/latex/amsfonts/amsfonts.sty
Package: amsfonts 2009/06/22 v3.00 Basic AMSFonts support
\symAMSa=\mathgroup4
\symAMSb=\mathgroup5
LaTeX Font Info:    Overwriting math alphabet `\mathfrak' in version `bold'
(Font)                  U/euf/m/n --> U/euf/b/n on input line 96.
))
(/usr/local/texlive/2012/texmf-dist/tex/latex/booktabs/booktabs.sty
Package: booktabs 2005/04/14 v1.61803 publication quality tables
\heavyrulewidth=\dimen112
\lightrulewidth=\dimen113
\cmidrulewidth=\dimen114
\belowrulesep=\dimen115
\belowbottomsep=\dimen116
\aboverulesep=\dimen117
\abovetopsep=\dimen118
\cmidrulesep=\dimen119
\cmidrulekern=\dimen120
\defaultaddspace=\dimen121
\@cmidla=\count99
\@cmidlb=\count100
\@aboverulesep=\dimen122
\@belowrulesep=\dimen123
\@thisruleclass=\count101
\@lastruleclass=\count102
\@thisrulewidth=\dimen124
)
(/usr/local/texlive/2012/texmf-dist/tex/latex/graphics/graphicx.sty
Package: graphicx 1999/02/16 v1.0f Enhanced LaTeX Graphics (DPC,SPQR)

(/usr/local/texlive/2012/texmf-dist/tex/latex/graphics/keyval.sty
Package: keyval 1999/03/16 v1.13 key=value parser (DPC)
\KV@toks@=\toks19
)
(/usr/local/texlive/2012/texmf-dist/tex/latex/graphics/graphics.sty
Package: graphics 2009/02/05 v1.0o Standard LaTeX Graphics (DPC,SPQR)

(/usr/local/texlive/2012/texmf-dist/tex/latex/graphics/trig.sty
Package: trig 1999/03/16 v1.09 sin cos tan (DPC)
)
(/usr/local/texlive/2012/texmf-dist/tex/latex/latexconfig/graphics.cfg
File: graphics.cfg 2010/04/23 v1.9 graphics configuration of TeX Live
)
Package graphics Info: Driver file: pdftex.def on input line 91.

(/usr/local/texlive/2012/texmf-dist/tex/latex/pdftex-def/pdftex.def
File: pdftex.def 2011/05/27 v0.06d Graphics/color for pdfTeX

(/usr/local/texlive/2012/texmf-dist/tex/generic/oberdiek/infwarerr.sty
Package: infwarerr 2010/04/08 v1.3 Providing info/warning/error messages (HO)
)
(/usr/local/texlive/2012/texmf-dist/tex/generic/oberdiek/ltxcmds.sty
Package: ltxcmds 2011/11/09 v1.22 LaTeX kernel commands for general use (HO)
)
\Gread@gobject=\count103
))
\Gin@req@height=\dimen125
\Gin@req@width=\dimen126
)
(/usr/local/texlive/2012/texmf-dist/tex/latex/cite/cite.sty
LaTeX Info: Redefining \cite on input line 302.
LaTeX Info: Redefining \nocite on input line 373.
Package: cite 2010/09/10  v 5.3
)
(/usr/local/texlive/2012/texmf-dist/tex/latex/graphics/color.sty
Package: color 2005/11/14 v1.0j Standard LaTeX Color (DPC)

(/usr/local/texlive/2012/texmf-dist/tex/latex/latexconfig/color.cfg
File: color.cfg 2007/01/18 v1.5 color configuration of teTeX/TeXLive
)
Package color Info: Driver file: pdftex.def on input line 130.
)
(/usr/local/texlive/2012/texmf-dist/tex/latex/caption/caption.sty
Package: caption 2012/02/19 v3.2f Customizing captions (AR)

(/usr/local/texlive/2012/texmf-dist/tex/latex/caption/caption3.sty
Package: caption3 2012/01/12 v1.4b caption3 kernel (AR)
\captionmargin=\dimen127
\captionmargin@=\dimen128
\captionwidth=\dimen129
\caption@indent=\dimen130
\caption@parindent=\dimen131
\caption@hangindent=\dimen132
)
\c@ContinuedFloat=\count104
)
(/usr/local/texlive/2012/texmf-dist/tex/latex/tools/enumerate.sty
Package: enumerate 1999/03/05 v3.00 enumerate extensions (DPC)
\@enLab=\toks20
)
(/usr/local/texlive/2012/texmf-dist/tex/latex/multirow/multirow.sty
\bigstrutjot=\dimen133
)
(/usr/local/texlive/2012/texmf-dist/tex/latex/url/url.sty
\Urlmuskip=\muskip11
Package: url 2006/04/12  ver 3.3  Verb mode for urls, etc.
)
(/usr/local/texlive/2012/texmf-dist/tex/latex/tools/xr.sty
Package: xr 1994/05/28 v5.02 eXternal References (DPC)
)
\c@algorithm=\count105
\c@proposition=\count106
\c@restateproposition=\count107
\c@lemma=\count108
\c@corollary=\count109
\c@result=\count110
\c@note=\count111
\c@definition=\count112


Package xr Warning: 
No file plos_one_rev1_suppinfo.aux
LABELS NOT IMPORTED.
 on input line 123.

(./main.aux)
\openout1 = `main.aux'.

LaTeX Font Info:    Checking defaults for OML/cmm/m/it on input line 125.
LaTeX Font Info:    ... okay on input line 125.
LaTeX Font Info:    Checking defaults for T1/cmr/m/n on input line 125.
LaTeX Font Info:    ... okay on input line 125.
LaTeX Font Info:    Checking defaults for OT1/cmr/m/n on input line 125.
LaTeX Font Info:    ... okay on input line 125.
LaTeX Font Info:    Checking defaults for OMS/cmsy/m/n on input line 125.
LaTeX Font Info:    ... okay on input line 125.
LaTeX Font Info:    Checking defaults for OMX/cmex/m/n on input line 125.
LaTeX Font Info:    ... okay on input line 125.
LaTeX Font Info:    Checking defaults for U/cmr/m/n on input line 125.
LaTeX Font Info:    ... okay on input line 125.
 (/usr/local/texlive/2012/texmf-dist/tex/context/base/supp-pdf.mkii
[Loading MPS to PDF converter (version 2006.09.02).]
\scratchcounter=\count113
\scratchdimen=\dimen134
\scratchbox=\box28
\nofMPsegments=\count114
\nofMParguments=\count115
\everyMPshowfont=\toks21
\MPscratchCnt=\count116
\MPscratchDim=\dimen135
\MPnumerator=\count117
\makeMPintoPDFobject=\count118
\everyMPtoPDFconversion=\toks22
) (/usr/local/texlive/2012/texmf-dist/tex/generic/oberdiek/pdftexcmds.sty
Package: pdftexcmds 2011/11/29 v0.20 Utility functions of pdfTeX for LuaTeX (HO
)

(/usr/local/texlive/2012/texmf-dist/tex/generic/oberdiek/ifluatex.sty
Package: ifluatex 2010/03/01 v1.3 Provides the ifluatex switch (HO)
Package ifluatex Info: LuaTeX not detected.
)
(/usr/local/texlive/2012/texmf-dist/tex/generic/oberdiek/ifpdf.sty
Package: ifpdf 2011/01/30 v2.3 Provides the ifpdf switch (HO)
Package ifpdf Info: pdfTeX in PDF mode is detected.
)
Package pdftexcmds Info: LuaTeX not detected.
Package pdftexcmds Info: \pdf@primitive is available.
Package pdftexcmds Info: \pdf@ifprimitive is available.
Package pdftexcmds Info: \pdfdraftmode found.
)
(/usr/local/texlive/2012/texmf-dist/tex/latex/oberdiek/epstopdf-base.sty
Package: epstopdf-base 2010/02/09 v2.5 Base part for package epstopdf

(/usr/local/texlive/2012/texmf-dist/tex/latex/oberdiek/grfext.sty
Package: grfext 2010/08/19 v1.1 Manage graphics extensions (HO)

(/usr/local/texlive/2012/texmf-dist/tex/generic/oberdiek/kvdefinekeys.sty
Package: kvdefinekeys 2011/04/07 v1.3 Define keys (HO)
))
(/usr/local/texlive/2012/texmf-dist/tex/latex/oberdiek/kvoptions.sty
Package: kvoptions 2011/06/30 v3.11 Key value format for package options (HO)

(/usr/local/texlive/2012/texmf-dist/tex/generic/oberdiek/kvsetkeys.sty
Package: kvsetkeys 2012/04/25 v1.16 Key value parser (HO)

(/usr/local/texlive/2012/texmf-dist/tex/generic/oberdiek/etexcmds.sty
Package: etexcmds 2011/02/16 v1.5 Avoid name clashes with e-TeX commands (HO)
Package etexcmds Info: Could not find \expanded.
(etexcmds)             That can mean that you are not using pdfTeX 1.50 or
(etexcmds)             that some package has redefined \expanded.
(etexcmds)             In the latter case, load this package earlier.
)))
Package grfext Info: Graphics extension search list:
(grfext)             [.png,.pdf,.jpg,.mps,.jpeg,.jbig2,.jb2,.PNG,.PDF,.JPG,.JPE
G,.JBIG2,.JB2,.eps]
(grfext)             \AppendGraphicsExtensions on input line 452.

(/usr/local/texlive/2012/texmf-dist/tex/latex/latexconfig/epstopdf-sys.cfg
File: epstopdf-sys.cfg 2010/07/13 v1.3 Configuration of (r)epstopdf for TeX Liv
e
))
Package caption Info: Begin \AtBeginDocument code.
Package caption Info: End \AtBeginDocument code.
LaTeX Font Info:    Try loading font information for U+msa on input line 134.

(/usr/local/texlive/2012/texmf-dist/tex/latex/amsfonts/umsa.fd
File: umsa.fd 2009/06/22 v3.00 AMS symbols A
)
LaTeX Font Info:    Try loading font information for U+msb on input line 134.

(/usr/local/texlive/2012/texmf-dist/tex/latex/amsfonts/umsb.fd
File: umsb.fd 2009/06/22 v3.00 AMS symbols B
) [1{/usr/local/texlive/2012/texmf-var/fonts/map/pdftex/updmap/pdftex.map}

] [2]

LaTeX Warning: Citation `efron' on page 3 undefined on input line 262.


LaTeX Warning: Citation `cai?' on page 3 undefined on input line 262.


LaTeX Warning: Citation `campy.thomas' on page 3 undefined on input line 285.

[3]

LaTeX Warning: Reference `' on page 4 undefined on input line 295.


LaTeX Warning: Reference `' on page 4 undefined on input line 295.


LaTeX Warning: Citation `grenander' on page 4 undefined on input line 303.


LaTeX Warning: Reference `' on page 4 undefined on input line 307.

[4]

LaTeX Warning: Citation `muralidharan:2012' on page 5 undefined on input line 3
71.


LaTeX Warning: Citation `gelman.etal' on page 5 undefined on input line 398.

[5] <Rcode/figures/good_poor_hist.pdf, id=29, 433.62pt x 216.81pt>
File: Rcode/figures/good_poor_hist.pdf Graphic file (type pdf)

<use Rcode/figures/good_poor_hist.pdf>
Package pdftex.def Info: Rcode/figures/good_poor_hist.pdf used on input line 44
8.
(pdftex.def)             Requested size: 433.63878pt x 216.81pt.

<Rcode/figures/good_vs_all.pdf, id=30, 469.755pt x 216.81pt>
File: Rcode/figures/good_vs_all.pdf Graphic file (type pdf)

<use Rcode/figures/good_vs_all.pdf>
Package pdftex.def Info: Rcode/figures/good_vs_all.pdf used on input line 449.
(pdftex.def)             Requested size: 469.75499pt x 216.80946pt.

Overfull \hbox (14.51091pt too wide) in paragraph at lines 448--450
 [] 
 []


Package caption Warning: \label without proper \caption on input line 494.
See the caption package documentation for explanation.


LaTeX Warning: Reference `fig:pi0' on page 6 undefined on input line 483.

[6] <Rcode/figures/estpi0_sim1sim2.png, id=35, 542.025pt x 160.6pt>
File: Rcode/figures/estpi0_sim1sim2.png Graphic file (type png)

<use Rcode/figures/estpi0_sim1sim2.png>
Package pdftex.def Info: Rcode/figures/estpi0_sim1sim2.png used on input line 4
96.
(pdftex.def)             Requested size: 542.04848pt x 160.60449pt.

Overfull \hbox (86.8044pt too wide) in paragraph at lines 496--497
 [] 
 []

[7 <./Rcode/figures/good_poor_hist.pdf> <./Rcode/figures/good_vs_all.pdf>]

LaTeX Warning: Reference `' on page 8 undefined on input line 503.

<Rcode/figures/lfsdr_sim1sim2_blowup.png, id=52, 722.7pt x 428.60126pt>
File: Rcode/figures/lfsdr_sim1sim2_blowup.png Graphic file (type png)

<use Rcode/figures/lfsdr_sim1sim2_blowup.png>
Package pdftex.def Info: Rcode/figures/lfsdr_sim1sim2_blowup.png used on input 
line 516.
(pdftex.def)             Requested size: 542.03468pt x 321.20163pt.

Overfull \hbox (86.7906pt too wide) in paragraph at lines 516--517
 [] 
 []

[8 <./Rcode/figures/estpi0_sim1sim2.png>]
Overfull \hbox (76.27367pt too wide) detected at line 547
\OML/cmm/m/it/10 g\OT1/cmr/m/n/10 (\OMS/cmsy/m/n/10 ^^A\OT1/cmr/m/n/10 ) = (1\O
ML/cmm/m/it/10 =\OT1/cmr/m/n/10 7)[\OML/cmm/m/it/10 N\OT1/cmr/m/n/10 (\OMS/cmsy
/m/n/10 ^^A\OT1/cmr/m/n/10 ; \OMS/cmsy/m/n/10 ^^@\OT1/cmr/m/n/10 1\OML/cmm/m/it
/10 :\OT1/cmr/m/n/10 5\OML/cmm/m/it/10 ; \OT1/cmr/m/n/10 0\OML/cmm/m/it/10 :\OT
1/cmr/m/n/10 5[]) + \OML/cmm/m/it/10 N\OT1/cmr/m/n/10 (\OMS/cmsy/m/n/10 ^^A\OT1
/cmr/m/n/10 ; \OMS/cmsy/m/n/10 ^^@\OT1/cmr/m/n/10 1\OML/cmm/m/it/10 ; \OT1/cmr/
m/n/10 0\OML/cmm/m/it/10 :\OT1/cmr/m/n/10 5[]) + \OML/cmm/m/it/10 N\OT1/cmr/m/n
/10 (\OMS/cmsy/m/n/10 ^^A\OT1/cmr/m/n/10 ; 0\OML/cmm/m/it/10 :\OT1/cmr/m/n/10 5
\OML/cmm/m/it/10 ; \OT1/cmr/m/n/10 0\OML/cmm/m/it/10 :\OT1/cmr/m/n/10 5[]) + \O
ML/cmm/m/it/10 N\OT1/cmr/m/n/10 (\OMS/cmsy/m/n/10 ^^A\OT1/cmr/m/n/10 ; 0\OML/cm
m/m/it/10 ; \OT1/cmr/m/n/10 0\OML/cmm/m/it/10 :\OT1/cmr/m/n/10 5[]) + \OML/cmm/
m/it/10 N\OT1/cmr/m/n/10 (\OMS/cmsy/m/n/10 ^^A\OT1/cmr/m/n/10 ; 0\OML/cmm/m/it/
10 :\OT1/cmr/m/n/10 5\OML/cmm/m/it/10 ; \OT1/cmr/m/n/10 0\OML/cmm/m/it/10 :\OT1
/cmr/m/n/10 5[]) + \OML/cmm/m/it/10 N\OT1/cmr/m/n/10 (\OMS/cmsy/m/n/10 ^^A\OT1/
cmr/m/n/10 ; 1\OML/cmm/m/it/10 ; \OT1/cmr/m/n/10 0\OML/cmm/m/it/10 :\OT1/cmr/m/
n/10 5[]) + \OML/cmm/m/it/10 N\OT1/cmr/m/n/10 (\OMS/cmsy/m/n/10 ^^A\OT1/cmr/m/n
/10 ; 1\OML/cmm/m/it/10 :\OT1/cmr/m/n/10 5\OML/cmm/m/it/10 ; \OT1/cmr/m/n/10 0\
OML/cmm/m/it/10 :\OT1/cmr/m/n/10 5[])]
 []


Package caption Warning: \label without proper \caption on input line 566.
See the caption package documentation for explanation.


LaTeX Warning: Reference `fig:rmse_loglik_boxplot' on page 9 undefined on input
 line 563.

<Rcode/figures/simABC_egdens.pdf, id=57, 469.755pt x 144.54pt>
File: Rcode/figures/simABC_egdens.pdf Graphic file (type pdf)

<use Rcode/figures/simABC_egdens.pdf>
Package pdftex.def Info: Rcode/figures/simABC_egdens.pdf used on input line 568
.
(pdftex.def)             Requested size: 469.75499pt x 144.53963pt.

<Rcode/figures/rmse_boxplot.pdf, id=58, 469.755pt x 144.54pt>
File: Rcode/figures/rmse_boxplot.pdf Graphic file (type pdf)

<use Rcode/figures/rmse_boxplot.pdf>
Package pdftex.def Info: Rcode/figures/rmse_boxplot.pdf used on input line 570.

(pdftex.def)             Requested size: 469.75499pt x 144.53963pt.

<Rcode/figures/loglik_boxplot.pdf, id=59, 469.755pt x 144.54pt>
File: Rcode/figures/loglik_boxplot.pdf Graphic file (type pdf)

<use Rcode/figures/loglik_boxplot.pdf>
Package pdftex.def Info: Rcode/figures/loglik_boxplot.pdf used on input line 57
1.
(pdftex.def)             Requested size: 469.75499pt x 144.53963pt.

Overfull \hbox (14.51091pt too wide) in paragraph at lines 568--572
 [] 
 []


Overfull \hbox (14.51091pt too wide) in paragraph at lines 568--572
 [] 
 []


Overfull \hbox (14.51091pt too wide) in paragraph at lines 568--572
 [] 
 []

[9 <./Rcode/figures/lfsdr_sim1sim2_blowup.png>] [10 <./Rcode/figures/simABC_egd
ens.pdf> <./Rcode/figures/rmse_boxplot.pdf> <./Rcode/figures/loglik_boxplot.pdf
>] [11]
Overfull \hbox (63.13425pt too wide) in paragraph at lines 642--651
[]\OT1/cmr/m/n/10 Let's try: ```r beta.ash.pm = ash(ss$\OML/cmm/m/it/10 betahat
; ss$\OT1/cmr/m/n/10 betasd, use-Point-Mass=TRUE) print(beta.ash.pm) print(beta
.ash.auto)
 []


Overfull \hbox (0.11345pt too wide) in paragraph at lines 642--651
\OT1/cmr/m/n/10 plot(beta.ash.auto$\OML/cmm/m/it/10 localfsr; beta:ash:pm$\OT1/
cmr/m/n/10 localfsr,main="comparison of ash lo-calfsr, with and with-out point
 []


Overfull \hbox (41.97943pt too wide) in paragraph at lines 642--651
\OT1/cmr/m/n/10 mass",xlab="no point mass", ylab="with point mass",xlim=c(0,1),
ylim=c(0,1)) abline(a=0,b=1) abline(a=0,b=2)
 []

[12]

LaTeX Warning: Citation `Rcore:2012' on page 13 undefined on input line 708.


LaTeX Warning: Citation `ggplot2' on page 13 undefined on input line 708.

No file main.bbl.
[13] [14

] (./main.aux)

LaTeX Warning: There were undefined references.

 ) 
Here is how much of TeX's memory you used:
 3834 strings out of 493488
 56009 string characters out of 3141326
 116155 words of memory out of 3000000
 7070 multiletter control sequences out of 15000+200000
 12208 words of font info for 47 fonts, out of 3000000 for 9000
 957 hyphenation exceptions out of 8191
 38i,9n,38p,765b,300s stack positions out of 5000i,500n,10000p,200000b,50000s
</usr/local/texlive/2012/texmf-dist/fonts/type1/public/amsfonts/cm/cmbx10.pfb
></usr/local/texlive/2012/texmf-dist/fonts/type1/public/amsfonts/cm/cmbx12.pfb>
</usr/local/texlive/2012/texmf-dist/fonts/type1/public/amsfonts/cm/cmex10.pfb><
/usr/local/texlive/2012/texmf-dist/fonts/type1/public/amsfonts/cm/cmmi10.pfb></
usr/local/texlive/2012/texmf-dist/fonts/type1/public/amsfonts/cm/cmmi12.pfb></u
sr/local/texlive/2012/texmf-dist/fonts/type1/public/amsfonts/cm/cmmi7.pfb></usr
/local/texlive/2012/texmf-dist/fonts/type1/public/amsfonts/cm/cmr10.pfb></usr/l
ocal/texlive/2012/texmf-dist/fonts/type1/public/amsfonts/cm/cmr7.pfb></usr/loca
l/texlive/2012/texmf-dist/fonts/type1/public/amsfonts/cm/cmr8.pfb></usr/local/t
exlive/2012/texmf-dist/fonts/type1/public/amsfonts/cm/cmss10.pfb></usr/local/te
xlive/2012/texmf-dist/fonts/type1/public/amsfonts/cm/cmsy10.pfb></usr/local/tex
live/2012/texmf-dist/fonts/type1/public/amsfonts/cm/cmsy7.pfb></usr/local/texli
ve/2012/texmf-dist/fonts/type1/public/amsfonts/cm/cmti10.pfb>
Output written on main.pdf (14 pages, 359806 bytes).
PDF statistics:
 146 PDF objects out of 1000 (max. 8388607)
 101 compressed objects within 2 object streams
 0 named destinations out of 1000 (max. 500000)
 36 words of extra memory for PDF output out of 10000 (max. 10000000)

